<?xml version="1.0" encoding="UTF-8"?>
<!-- Generated by org.testng.reporters.JUnitXMLReporter -->
<testsuite ignored="0" hostname="LAPTOP-TSK6EB5J" failures="0" tests="13" name="TuorialsNinja Test cases" time="0.456" errors="0" timestamp="2024-02-25T22:56:04 IST">
  <testcase classname="com.tutorialsninja.qa.testcases.Register" name="@BeforeMethod setup" time="0.015">
    <failure type="java.lang.Error" message="Unresolved compilation problem: 
	This method must return a result of type WebDriver
">
      <![CDATA[java.lang.Error: Unresolved compilation problem: 
This method must return a result of type WebDriver

at com.tutorialsninja.qa.base.Base.initialisedbrowserandopenapplication(Base.java:14)
at com.tutorialsninja.qa.testcases.Register.setup(Register.java:30)
at java.base/java.util.ArrayList.forEach(ArrayList.java:1511)
... Removed 31 stack frames]]>
    </failure>
  </testcase> <!-- @BeforeMethod setup -->
  <testcase classname="com.tutorialsninja.qa.testcases.Register" name="@AfterMethod teardown" time="0.0">
    <skipped/>
  </testcase> <!-- @AfterMethod teardown -->
  <testcase classname="com.tutorialsninja.qa.testcases.Register" name="@BeforeMethod setup" time="0.0">
    <skipped/>
  </testcase> <!-- @BeforeMethod setup -->
  <testcase classname="com.tutorialsninja.qa.testcases.Register" name="@AfterMethod teardown" time="0.0">
    <skipped/>
  </testcase> <!-- @AfterMethod teardown -->
  <testcase classname="com.tutorialsninja.qa.testcases.Register" name="@BeforeMethod setup" time="0.0">
    <skipped/>
  </testcase> <!-- @BeforeMethod setup -->
  <testcase classname="com.tutorialsninja.qa.testcases.Register" name="@AfterMethod teardown" time="0.0">
    <skipped/>
  </testcase> <!-- @AfterMethod teardown -->
  <testcase classname="com.tutorialsninja.qa.testcases.Register" name="@BeforeMethod setup" time="0.0">
    <skipped/>
  </testcase> <!-- @BeforeMethod setup -->
  <testcase classname="com.tutorialsninja.qa.testcases.Register" name="@AfterMethod teardown" time="0.0">
    <skipped/>
  </testcase> <!-- @AfterMethod teardown -->
  <testcase classname="com.tutorialsninja.qa.testcases.Register" name="@BeforeMethod setup" time="0.0">
    <skipped/>
  </testcase> <!-- @BeforeMethod setup -->
  <testcase classname="com.tutorialsninja.qa.testcases.Register" name="@AfterMethod teardown" time="0.0">
    <skipped/>
  </testcase> <!-- @AfterMethod teardown -->
  <testcase classname="com.tutorialsninja.qa.testcases.Login" name="@BeforeMethod setup" time="0.001">
    <failure type="java.lang.Error" message="Unresolved compilation problem: 
	This method must return a result of type WebDriver
">
      <![CDATA[java.lang.Error: Unresolved compilation problem: 
This method must return a result of type WebDriver

at com.tutorialsninja.qa.base.Base.initialisedbrowserandopenapplication(Base.java:14)
at com.tutorialsninja.qa.testcases.Login.setup(Login.java:26)
at java.base/java.util.ArrayList.forEach(ArrayList.java:1511)
... Removed 31 stack frames]]>
    </failure>
  </testcase> <!-- @BeforeMethod setup -->
  <testcase classname="com.tutorialsninja.qa.testcases.Login" name="@AfterMethod teardown" time="0.0">
    <skipped/>
  </testcase> <!-- @AfterMethod teardown -->
  <testcase classname="com.tutorialsninja.qa.testcases.Login" name="@BeforeMethod setup" time="0.0">
    <skipped/>
  </testcase> <!-- @BeforeMethod setup -->
  <testcase classname="com.tutorialsninja.qa.testcases.Login" name="@AfterMethod teardown" time="0.0">
    <skipped/>
  </testcase> <!-- @AfterMethod teardown -->
  <testcase classname="com.tutorialsninja.qa.testcases.Login" name="@BeforeMethod setup" time="0.0">
    <skipped/>
  </testcase> <!-- @BeforeMethod setup -->
  <testcase classname="com.tutorialsninja.qa.testcases.Login" name="@AfterMethod teardown" time="0.0">
    <skipped/>
  </testcase> <!-- @AfterMethod teardown -->
  <testcase classname="com.tutorialsninja.qa.testcases.Login" name="@BeforeMethod setup" time="0.0">
    <skipped/>
  </testcase> <!-- @BeforeMethod setup -->
  <testcase classname="com.tutorialsninja.qa.testcases.Login" name="@AfterMethod teardown" time="0.0">
    <skipped/>
  </testcase> <!-- @AfterMethod teardown -->
  <testcase classname="com.tutorialsninja.qa.testcases.Login" name="@BeforeMethod setup" time="0.0">
    <skipped/>
  </testcase> <!-- @BeforeMethod setup -->
  <testcase classname="com.tutorialsninja.qa.testcases.Login" name="@AfterMethod teardown" time="0.0">
    <skipped/>
  </testcase> <!-- @AfterMethod teardown -->
  <testcase classname="com.tutorialsninja.qa.testcases.Search" name="@BeforeMethod setup" time="0.001">
    <failure type="java.lang.Error" message="Unresolved compilation problem: 
	This method must return a result of type WebDriver
">
      <![CDATA[java.lang.Error: Unresolved compilation problem: 
This method must return a result of type WebDriver

at com.tutorialsninja.qa.base.Base.initialisedbrowserandopenapplication(Base.java:14)
at com.tutorialsninja.qa.testcases.Search.setup(Search.java:19)
at java.base/java.util.ArrayList.forEach(ArrayList.java:1511)
... Removed 31 stack frames]]>
    </failure>
  </testcase> <!-- @BeforeMethod setup -->
  <testcase classname="com.tutorialsninja.qa.testcases.Search" name="@AfterMethod teardown" time="0.0">
    <skipped/>
  </testcase> <!-- @AfterMethod teardown -->
  <testcase classname="com.tutorialsninja.qa.testcases.Search" name="@BeforeMethod setup" time="0.0">
    <skipped/>
  </testcase> <!-- @BeforeMethod setup -->
  <testcase classname="com.tutorialsninja.qa.testcases.Search" name="@AfterMethod teardown" time="0.0">
    <skipped/>
  </testcase> <!-- @AfterMethod teardown -->
  <testcase classname="com.tutorialsninja.qa.testcases.Search" name="@BeforeMethod setup" time="0.0">
    <skipped/>
  </testcase> <!-- @BeforeMethod setup -->
  <testcase classname="com.tutorialsninja.qa.testcases.Search" name="@AfterMethod teardown" time="0.0">
    <skipped/>
  </testcase> <!-- @AfterMethod teardown -->
  <testcase classname="com.tutorialsninja.qa.testcases.Register" name="veriftyregisteraccountwithmandatoryfield" time="0.001">
    <skipped/>
  </testcase> <!-- veriftyregisteraccountwithmandatoryfield -->
  <testcase classname="com.tutorialsninja.qa.testcases.Register" name="verifyregisteryaccountbyprovidingallfield" time="0.0">
    <skipped/>
  </testcase> <!-- verifyregisteryaccountbyprovidingallfield -->
  <testcase classname="com.tutorialsninja.qa.testcases.Register" name="verifyregisteringaccountbyenteringexistingemailid" time="0.0">
    <skipped/>
  </testcase> <!-- verifyregisteringaccountbyenteringexistingemailid -->
  <testcase classname="com.tutorialsninja.qa.testcases.Register" name="verifyresgisteringaccountwithexistingemailaddress" time="0.0">
    <skipped/>
  </testcase> <!-- verifyresgisteringaccountwithexistingemailaddress -->
  <testcase classname="com.tutorialsninja.qa.testcases.Register" name="verifyregisteringaccountwithoutfilinganydetails" time="0.0">
    <skipped/>
  </testcase> <!-- verifyregisteringaccountwithoutfilinganydetails -->
  <testcase classname="com.tutorialsninja.qa.testcases.Login" name="loginwithvalidcrendential" time="0.0">
    <skipped/>
  </testcase> <!-- loginwithvalidcrendential -->
  <testcase classname="com.tutorialsninja.qa.testcases.Login" name="verifywithinvalidcredentials" time="0.0">
    <skipped/>
  </testcase> <!-- verifywithinvalidcredentials -->
  <testcase classname="com.tutorialsninja.qa.testcases.Login" name="verifylogwithinvalidemailvaildpassword" time="0.0">
    <skipped/>
  </testcase> <!-- verifylogwithinvalidemailvaildpassword -->
  <testcase classname="com.tutorialsninja.qa.testcases.Login" name="verifylogwithvalidemailInvaildpassword" time="0.0">
    <skipped/>
  </testcase> <!-- verifylogwithvalidemailInvaildpassword -->
  <testcase classname="com.tutorialsninja.qa.testcases.Login" name="verifylogwithoutprovidingcredentials" time="0.0">
    <skipped/>
  </testcase> <!-- verifylogwithoutprovidingcredentials -->
  <testcase classname="com.tutorialsninja.qa.testcases.Search" name="verifysearchwithvalidproduct" time="0.007">
    <skipped/>
  </testcase> <!-- verifysearchwithvalidproduct -->
  <testcase classname="com.tutorialsninja.qa.testcases.Search" name="verifysearchwithInvalidproduct" time="0.001">
    <skipped/>
  </testcase> <!-- verifysearchwithInvalidproduct -->
  <testcase classname="com.tutorialsninja.qa.testcases.Search" name="verifysearchwithoutanyproduct" time="0.0">
    <skipped/>
  </testcase> <!-- verifysearchwithoutanyproduct -->
</testsuite> <!-- TuorialsNinja Test cases -->
